

============================== 2022-12-29 20:57:44.974011 | 9b4a8806-8c82-440f-9a5e-86d129ed8bf0 ==============================
[0m20:57:44.974011 [info ] [MainThread]: Running with dbt=1.3.1
[0m20:57:44.974011 [debug] [MainThread]: running dbt with arguments {'write_json': True, 'use_colors': True, 'printer_width': 80, 'version_check': True, 'partial_parse': True, 'static_parser': True, 'profiles_dir': 'C:\\Users\\a.khromenko\\.dbt', 'send_anonymous_usage_stats': True, 'event_buffer_size': 100000, 'quiet': False, 'no_print': False, 'project_name': 'push_report', 'skip_profile_setup': False, 'which': 'init', 'indirect_selection': 'eager'}
[0m20:57:44.975011 [debug] [MainThread]: Tracking: tracking
[0m20:57:45.007010 [debug] [MainThread]: Sending event: {'category': 'dbt', 'action': 'invocation', 'label': 'start', 'context': [<snowplow_tracker.self_describing_json.SelfDescribingJson object at 0x0000019C987B96F0>, <snowplow_tracker.self_describing_json.SelfDescribingJson object at 0x0000019C987B91B0>, <snowplow_tracker.self_describing_json.SelfDescribingJson object at 0x0000019C987B93C0>]}
[0m20:57:45.010010 [debug] [MainThread]: Starter project path: C:\Users\a.khromenko\AppData\Local\Programs\Python\Python310\lib\site-packages\dbt\include\starter_project
[0m20:57:51.965500 [info ] [MainThread]: Profile push_report written to C:\Users\a.khromenko\.dbt\profiles.yml using target's sample configuration. Once updated, you'll be able to start developing with dbt.
[0m20:57:51.966501 [info ] [MainThread]: 
Your new dbt project "push_report" was created!

For more information on how to configure the profiles.yml file,
please consult the dbt documentation here:

  https://docs.getdbt.com/docs/configure-your-profile

One more thing:

Need help? Don't hesitate to reach out to us via GitHub issues or on Slack:

  https://community.getdbt.com/

Happy modeling!

[0m20:57:51.967499 [debug] [MainThread]: Sending event: {'category': 'dbt', 'action': 'invocation', 'label': 'end', 'context': [<snowplow_tracker.self_describing_json.SelfDescribingJson object at 0x0000019C987B93C0>, <snowplow_tracker.self_describing_json.SelfDescribingJson object at 0x0000019C987B9270>, <snowplow_tracker.self_describing_json.SelfDescribingJson object at 0x0000019C987B9420>]}
[0m20:57:51.967499 [debug] [MainThread]: Flushing usage events


============================== 2022-12-29 21:07:00.174054 | 9054529b-fda3-4992-b148-8a3d0f360e4b ==============================
[0m21:07:00.174054 [info ] [MainThread]: Running with dbt=1.3.1
[0m21:07:00.174054 [debug] [MainThread]: running dbt with arguments {'write_json': True, 'use_colors': True, 'printer_width': 80, 'version_check': True, 'partial_parse': True, 'static_parser': True, 'profiles_dir': 'C:\\Users\\a.khromenko\\.dbt', 'send_anonymous_usage_stats': True, 'event_buffer_size': 100000, 'quiet': False, 'no_print': False, 'config_dir': False, 'which': 'debug', 'indirect_selection': 'eager'}
[0m21:07:00.174054 [debug] [MainThread]: Tracking: tracking
[0m21:07:00.212652 [debug] [MainThread]: Sending event: {'category': 'dbt', 'action': 'invocation', 'label': 'start', 'context': [<snowplow_tracker.self_describing_json.SelfDescribingJson object at 0x000001C4EF052230>, <snowplow_tracker.self_describing_json.SelfDescribingJson object at 0x000001C4EF051BD0>, <snowplow_tracker.self_describing_json.SelfDescribingJson object at 0x000001C4EF089FC0>]}
[0m21:07:00.721124 [debug] [MainThread]: Executing "git --help"
[0m21:07:00.784786 [debug] [MainThread]: STDOUT: "b"usage: git [--version] [--help] [-C <path>] [-c <name>=<value>]\n           [--exec-path[=<path>]] [--html-path] [--man-path] [--info-path]\n           [-p | --paginate | -P | --no-pager] [--no-replace-objects] [--bare]\n           [--git-dir=<path>] [--work-tree=<path>] [--namespace=<name>]\n           [--super-prefix=<path>] [--config-env=<name>=<envvar>]\n           <command> [<args>]\n\nThese are common Git commands used in various situations:\n\nstart a working area (see also: git help tutorial)\n   clone     Clone a repository into a new directory\n   init      Create an empty Git repository or reinitialize an existing one\n\nwork on the current change (see also: git help everyday)\n   add       Add file contents to the index\n   mv        Move or rename a file, a directory, or a symlink\n   restore   Restore working tree files\n   rm        Remove files from the working tree and from the index\n\nexamine the history and state (see also: git help revisions)\n   bisect    Use binary search to find the commit that introduced a bug\n   diff      Show changes between commits, commit and working tree, etc\n   grep      Print lines matching a pattern\n   log       Show commit logs\n   show      Show various types of objects\n   status    Show the working tree status\n\ngrow, mark and tweak your common history\n   branch    List, create, or delete branches\n   commit    Record changes to the repository\n   merge     Join two or more development histories together\n   rebase    Reapply commits on top of another base tip\n   reset     Reset current HEAD to the specified state\n   switch    Switch branches\n   tag       Create, list, delete or verify a tag object signed with GPG\n\ncollaborate (see also: git help workflows)\n   fetch     Download objects and refs from another repository\n   pull      Fetch from and integrate with another repository or a local branch\n   push      Update remote refs along with associated objects\n\n'git help -a' and 'git help -g' list available subcommands and some\nconcept guides. See 'git help <command>' or 'git help <concept>'\nto read about a specific subcommand or concept.\nSee 'git help git' for an overview of the system.\n""
[0m21:07:00.784786 [debug] [MainThread]: STDERR: "b''"
[0m21:07:00.787787 [debug] [MainThread]: Sending event: {'category': 'dbt', 'action': 'invocation', 'label': 'end', 'context': [<snowplow_tracker.self_describing_json.SelfDescribingJson object at 0x000001C4EF0FBEB0>, <snowplow_tracker.self_describing_json.SelfDescribingJson object at 0x000001C4EF0FB3D0>, <snowplow_tracker.self_describing_json.SelfDescribingJson object at 0x000001C4EF0FB610>]}
[0m21:07:00.788802 [debug] [MainThread]: Flushing usage events
